<?xml version="1.0" encoding="UTF-8"?>
<beans xmlns="http://www.springframework.org/schema/beans"
	xmlns:xsi="http://www.w3.org/2001/XMLSchema-instance"
	xsi:schemaLocation="http://www.springframework.org/schema/beans
						http://www.springframework.org/schema/beans/spring-beans-3.0.xsd">
						
	<bean id="dataSource" class="org.springframework.jdbc.datasource.SimpleDriverDataSource">
		<property name="driverClass" value="com.mysql.jdbc.Driver"></property>
		<property name="url" value="jdbc:mysql://localhost/testdb"></property>
		<property name="username" value="root"></property>
		<property name="password" value="dazzilove"></property>
	</bean>
	
	<bean id="transactionManager" class="org.springframework.jdbc.datasource.DataSourceTransactionManager">
		<property name="dataSource" ref="dataSource"></property>
	</bean>
	
	<bean id="userDao" class="com.dazzilove.tobyspringstudy.user.dao.UserDaoJdbc">
		<property name="dataSource" ref="dataSource"></property>
	</bean>
	
	<bean id="userLevelUpgradePolicy" class="com.dazzilove.tobyspringstudy.user.service.UserLevelUpgradePolicyImpl">
		<property name="userDao" ref="userDao"></property>
	</bean>
	
	<bean id="transactionAdvice" class="com.dazzilove.learningtest.jdk.proxy.TransactionAdvice">
		<property name="transactionManager" ref="transactionManager"></property>
	</bean>
	
	<bean id="transactionPointcut" class="org.springframework.aop.support.NameMatchMethodPointcut">
		<property name="mappedName" value="upgrade*"></property>
	</bean>
	
	<bean id="transactionAdvisor" class="org.springframework.aop.support.DefaultPointcutAdvisor">
		<property name="advice" ref="transactionAdvice"></property>
		<property name="pointcut" ref="transactionPointcut"></property>
	</bean>
	
	<bean id="userService" class="org.springframework.aop.framework.ProxyFactoryBean">
		<property name="proxyInterfaces" value="com.dazzilove.tobyspringstudy.user.service.UserService"></property>
		<property name="target" ref="userServiceImpl"></property>
		<property name="interceptorNames">
			<list>
				<value>transactionAdvisor</value>
			</list>
		</property>
	</bean>
	
	<bean id="userServiceImpl" class="com.dazzilove.tobyspringstudy.user.service.UserServiceImpl">
		<property name="userDao" ref="userDao"></property>
		<property name="mailSender" ref="mailSender"></property>
	</bean>
	
	<bean id="mailSender" class="com.dazzilove.tobyspringstudy.mail.MockMailSender">
		<property name="host" value="mail.server.com"></property>
	</bean>
</beans>